app/build/outputs/logs/manifest-merger-debug-report.txt
-- Merging decision tree log ---
manifest
ADDED from src\main\AndroidManifest.xml:2:1-31:12
INJECTED from src\main\AndroidManifest.xml:2:1-31:12
INJECTED from src\main\AndroidManifest.xml:2:1-31:12
INJECTED from src\main\AndroidManifest.xml:2:1-31:12
MERGED from [:base] AndroidManifest.xml:2:1-24:12
MERGED from [com.android.support.constraint:constraint-layout:1.1.2] AndroidManifest.xml:2:1-11:12
MERGED from [com.android.support:design:27.0.2] AndroidManifest.xml:17:1-22:12
MERGED from [com.trello.rxlifecycle2:rxlifecycle-components:2.1.0] AndroidManifest.xml:13:1-19:12
MERGED from [com.jude:swipebackhelper:3.1.2] AndroidManifest.xml:2:1-11:12
MERGED from [com.android.support:appcompat-v7:27.0.2] AndroidManifest.xml:17:1-22:12
MERGED from [com.android.support:recyclerview-v7:27.0.2] AndroidManifest.xml:17:1-22:12
MERGED from [com.android.support:cardview-v7:27.0.2] AndroidManifest.xml:17:1-22:12
MERGED from [com.alibaba:arouter-api:1.3.1] AndroidManifest.xml:2:1-10:12
MERGED from [com.android.support:support-v4:27.0.2] AndroidManifest.xml:17:1-22:12
MERGED from [com.trello.rxlifecycle2:rxlifecycle-android:2.1.0] AndroidManifest.xml:13:1-19:12
MERGED from [io.reactivex.rxjava2:rxandroid:2.0.1] AndroidManifest.xml:15:1-21:12
MERGED from [com.tbruyelle.rxpermissions2:rxpermissions:0.9.5] AndroidManifest.xml:2:1-13:12
MERGED from [com.scwang.smartrefresh:SmartRefreshLayout:1.0.5.1] AndroidManifest.xml:2:1-17:12
MERGED from [com.scwang.smartrefresh:SmartRefreshHeader:1.0.5.1] AndroidManifest.xml:2:1-17:12
MERGED from [com.android.support:support-fragment:27.0.2] AndroidManifest.xml:17:1-22:12
MERGED from [com.android.support:animated-vector-drawable:27.0.2] AndroidManifest.xml:17:1-22:12
MERGED from [com.android.support:support-core-ui:27.0.2] AndroidManifest.xml:17:1-22:12
MERGED from [com.android.support:transition:27.0.2] AndroidManifest.xml:17:1-22:12
MERGED from [com.android.support:support-core-utils:27.0.2] AndroidManifest.xml:17:1-22:12
MERGED from [com.android.support:support-vector-drawable:27.0.2] AndroidManifest.xml:17:1-22:12
MERGED from [com.android.support:support-media-compat:27.0.2] AndroidManifest.xml:17:1-22:12
MERGED from [com.android.support:support-compat:27.0.2] AndroidManifest.xml:17:1-22:12
MERGED from [android.arch.lifecycle:runtime:1.0.3] AndroidManifest.xml:17:1-24:12
INJECTED from src\main\AndroidManifest.xml:2:1-31:12
INJECTED from src\main\AndroidManifest.xml:2:1-31:12
INJECTED from src\main\AndroidManifest.xml:2:1-31:12
	package
		ADDED from src\main\AndroidManifest.xml:3:5-30
		INJECTED from src\main\AndroidManifest.xml
		INJECTED from src\main\AndroidManifest.xml
	android:versionName
		INJECTED from src\main\AndroidManifest.xml
		ADDED from src\main\AndroidManifest.xml:2:1-31:12
		INJECTED from src\main\AndroidManifest.xml
	android:versionCode
		INJECTED from src\main\AndroidManifest.xml
		ADDED from src\main\AndroidManifest.xml:2:1-31:12
		INJECTED from src\main\AndroidManifest.xml
	xmlns:android
		ADDED from src\main\AndroidManifest.xml:2:11-69
application
ADDED from src\main\AndroidManifest.xml:5:5-29:19
MERGED from [:base] AndroidManifest.xml:18:5-22:19
MERGED from [:base] AndroidManifest.xml:18:5-22:19
MERGED from [com.android.support.constraint:constraint-layout:1.1.2] AndroidManifest.xml:9:5-20
MERGED from [com.android.support.constraint:constraint-layout:1.1.2] AndroidManifest.xml:9:5-20
MERGED from [com.tbruyelle.rxpermissions2:rxpermissions:0.9.5] AndroidManifest.xml:11:5-20
MERGED from [com.tbruyelle.rxpermissions2:rxpermissions:0.9.5] AndroidManifest.xml:11:5-20
MERGED from [com.scwang.smartrefresh:SmartRefreshLayout:1.0.5.1] AndroidManifest.xml:11:5-15:19
MERGED from [com.scwang.smartrefresh:SmartRefreshLayout:1.0.5.1] AndroidManifest.xml:11:5-15:19
MERGED from [com.scwang.smartrefresh:SmartRefreshHeader:1.0.5.1] AndroidManifest.xml:11:5-15:19
MERGED from [com.scwang.smartrefresh:SmartRefreshHeader:1.0.5.1] AndroidManifest.xml:11:5-15:19
	android:supportsRtl
		ADDED from src\main\AndroidManifest.xml:10:9-35
	android:label
		ADDED from src\main\AndroidManifest.xml:8:9-41
	android:roundIcon
		ADDED from src\main\AndroidManifest.xml:9:9-54
	android:icon
		ADDED from src\main\AndroidManifest.xml:7:9-43
	android:allowBackup
		ADDED from src\main\AndroidManifest.xml:6:9-35
	android:theme
		ADDED from src\main\AndroidManifest.xml:11:9-40
activity#com.yuan.simple.MainActivity
ADDED from src\main\AndroidManifest.xml:12:9-18:20
	android:name
		ADDED from src\main\AndroidManifest.xml:12:19-47
intent-filter#action:name:android.intent.action.MAIN+category:name:android.intent.category.LAUNCHER
ADDED from src\main\AndroidManifest.xml:13:13-17:29
action#android.intent.action.MAIN
ADDED from src\main\AndroidManifest.xml:14:17-69
	android:name
		ADDED from src\main\AndroidManifest.xml:14:25-66
category#android.intent.category.LAUNCHER
ADDED from src\main\AndroidManifest.xml:16:17-77
	android:name
		ADDED from src\main\AndroidManifest.xml:16:27-74
activity#com.yuan.simple.one.toolbar.TitleBarActivity
ADDED from src\main\AndroidManifest.xml:19:9-66
	android:name
		ADDED from src\main\AndroidManifest.xml:19:19-63
activity#com.yuan.simple.one.toolbar.TitleDemo1
ADDED from src\main\AndroidManifest.xml:20:9-60
	android:name
		ADDED from src\main\AndroidManifest.xml:20:19-57
activity#com.yuan.simple.one.roundView.RoundTextActivity
ADDED from src\main\AndroidManifest.xml:21:9-69
	android:name
		ADDED from src\main\AndroidManifest.xml:21:19-66
activity#com.yuan.simple.one.foldTextView.FoldActivity
ADDED from src\main\AndroidManifest.xml:22:9-67
	android:name
		ADDED from src\main\AndroidManifest.xml:22:19-64
activity#com.yuan.simple.one.sort.SortActivity
ADDED from src\main\AndroidManifest.xml:23:9-59
	android:name
		ADDED from src\main\AndroidManifest.xml:23:19-56
activity#com.yuan.simple.one.input.InputActivity
ADDED from src\main\AndroidManifest.xml:24:9-26:70
	android:windowSoftInputMode
		ADDED from src\main\AndroidManifest.xml:26:13-67
	android:name
		ADDED from src\main\AndroidManifest.xml:25:13-52
activity#com.yuan.simple.one.http.NetActivity
ADDED from src\main\AndroidManifest.xml:27:9-58
	android:name
		ADDED from src\main\AndroidManifest.xml:27:19-55
activity#com.yuan.simple.one.dialog.AlertDialogActivity
ADDED from src\main\AndroidManifest.xml:28:9-77
	android:name
		ADDED from src\main\AndroidManifest.xml:28:19-65
uses-sdk
INJECTED from src\main\AndroidManifest.xml reason: use-sdk injection requested
INJECTED from src\main\AndroidManifest.xml
INJECTED from src\main\AndroidManifest.xml
MERGED from [:base] AndroidManifest.xml:7:5-9:41
MERGED from [:base] AndroidManifest.xml:7:5-9:41
MERGED from [com.android.support.constraint:constraint-layout:1.1.2] AndroidManifest.xml:5:5-7:41
MERGED from [com.android.support.constraint:constraint-layout:1.1.2] AndroidManifest.xml:5:5-7:41
MERGED from [com.android.support:design:27.0.2] AndroidManifest.xml:20:5-44
MERGED from [com.android.support:design:27.0.2] AndroidManifest.xml:20:5-44
MERGED from [com.trello.rxlifecycle2:rxlifecycle-components:2.1.0] AndroidManifest.xml:17:5-44
MERGED from [com.trello.rxlifecycle2:rxlifecycle-components:2.1.0] AndroidManifest.xml:17:5-44
MERGED from [com.jude:swipebackhelper:3.1.2] AndroidManifest.xml:7:5-9:41
MERGED from [com.jude:swipebackhelper:3.1.2] AndroidManifest.xml:7:5-9:41
MERGED from [com.android.support:appcompat-v7:27.0.2] AndroidManifest.xml:20:5-44
MERGED from [com.android.support:appcompat-v7:27.0.2] AndroidManifest.xml:20:5-44
MERGED from [com.android.support:recyclerview-v7:27.0.2] AndroidManifest.xml:20:5-44
MERGED from [com.android.support:recyclerview-v7:27.0.2] AndroidManifest.xml:20:5-44
MERGED from [com.android.support:cardview-v7:27.0.2] AndroidManifest.xml:20:5-44
MERGED from [com.android.support:cardview-v7:27.0.2] AndroidManifest.xml:20:5-44
MERGED from [com.alibaba:arouter-api:1.3.1] AndroidManifest.xml:6:5-8:41
MERGED from [com.alibaba:arouter-api:1.3.1] AndroidManifest.xml:6:5-8:41
MERGED from [com.android.support:support-v4:27.0.2] AndroidManifest.xml:20:5-44
MERGED from [com.android.support:support-v4:27.0.2] AndroidManifest.xml:20:5-44
MERGED from [com.trello.rxlifecycle2:rxlifecycle-android:2.1.0] AndroidManifest.xml:17:5-44
MERGED from [com.trello.rxlifecycle2:rxlifecycle-android:2.1.0] AndroidManifest.xml:17:5-44
MERGED from [io.reactivex.rxjava2:rxandroid:2.0.1] AndroidManifest.xml:19:5-43
MERGED from [io.reactivex.rxjava2:rxandroid:2.0.1] AndroidManifest.xml:19:5-43
MERGED from [com.tbruyelle.rxpermissions2:rxpermissions:0.9.5] AndroidManifest.xml:7:5-9:41
MERGED from [com.tbruyelle.rxpermissions2:rxpermissions:0.9.5] AndroidManifest.xml:7:5-9:41
MERGED from [com.scwang.smartrefresh:SmartRefreshLayout:1.0.5.1] AndroidManifest.xml:7:5-9:41
MERGED from [com.scwang.smartrefresh:SmartRefreshLayout:1.0.5.1] AndroidManifest.xml:7:5-9:41
MERGED from [com.scwang.smartrefresh:SmartRefreshHeader:1.0.5.1] AndroidManifest.xml:7:5-9:41
MERGED from [com.scwang.smartrefresh:SmartRefreshHeader:1.0.5.1] AndroidManifest.xml:7:5-9:41
MERGED from [com.android.support:support-fragment:27.0.2] AndroidManifest.xml:20:5-44
MERGED from [com.android.support:support-fragment:27.0.2] AndroidManifest.xml:20:5-44
MERGED from [com.android.support:animated-vector-drawable:27.0.2] AndroidManifest.xml:20:5-44
MERGED from [com.android.support:animated-vector-drawable:27.0.2] AndroidManifest.xml:20:5-44
MERGED from [com.android.support:support-core-ui:27.0.2] AndroidManifest.xml:20:5-44
MERGED from [com.android.support:support-core-ui:27.0.2] AndroidManifest.xml:20:5-44
MERGED from [com.android.support:transition:27.0.2] AndroidManifest.xml:20:5-44
MERGED from [com.android.support:transition:27.0.2] AndroidManifest.xml:20:5-44
MERGED from [com.android.support:support-core-utils:27.0.2] AndroidManifest.xml:20:5-44
MERGED from [com.android.support:support-core-utils:27.0.2] AndroidManifest.xml:20:5-44
MERGED from [com.android.support:support-vector-drawable:27.0.2] AndroidManifest.xml:20:5-44
MERGED from [com.android.support:support-vector-drawable:27.0.2] AndroidManifest.xml:20:5-44
MERGED from [com.android.support:support-media-compat:27.0.2] AndroidManifest.xml:20:5-44
MERGED from [com.android.support:support-media-compat:27.0.2] AndroidManifest.xml:20:5-44
MERGED from [com.android.support:support-compat:27.0.2] AndroidManifest.xml:20:5-44
MERGED from [com.android.support:support-compat:27.0.2] AndroidManifest.xml:20:5-44
MERGED from [android.arch.lifecycle:runtime:1.0.3] AndroidManifest.xml:20:5-22:41
MERGED from [android.arch.lifecycle:runtime:1.0.3] AndroidManifest.xml:20:5-22:41
INJECTED from src\main\AndroidManifest.xml
INJECTED from src\main\AndroidManifest.xml
	android:targetSdkVersion
		INJECTED from src\main\AndroidManifest.xml
		ADDED from src\main\AndroidManifest.xml
		INJECTED from src\main\AndroidManifest.xml
	android:minSdkVersion
		INJECTED from src\main\AndroidManifest.xml
		ADDED from src\main\AndroidManifest.xml
		INJECTED from src\main\AndroidManifest.xml
uses-permission#android.permission.CAMERA
ADDED from [:base] AndroidManifest.xml:11:5-65
	android:name
		ADDED from [:base] AndroidManifest.xml:11:22-62
uses-permission#android.permission.WRITE_EXTERNAL_STORAGE
ADDED from [:base] AndroidManifest.xml:12:5-81
	android:name
		ADDED from [:base] AndroidManifest.xml:12:22-78
uses-permission#android.permission.READ_EXTERNAL_STORAGE
ADDED from [:base] AndroidManifest.xml:13:5-80
	android:name
		ADDED from [:base] AndroidManifest.xml:13:22-77
uses-permission#android.permission.INTERNET
ADDED from [:base] AndroidManifest.xml:14:5-67
	android:name
		ADDED from [:base] AndroidManifest.xml:14:22-64
uses-permission#android.permission.ACCESS_NETWORK_STATE
ADDED from [:base] AndroidManifest.xml:16:5-79
	android:name
		ADDED from [:base] AndroidManifest.xml:16:22-76